This is pdfTeX, Version 3.14159265-2.6-1.40.19 (TeX Live 2018) (preloaded format=pdflatex 2019.4.15)  4 DEC 2019 00:34
entering extended mode
 restricted \write18 enabled.
 %&-line parsing enabled.
**Hassini_DokumentationBAWS1920.tex
(./Hassini_DokumentationBAWS1920.tex
LaTeX2e <2018-04-01> patch level 2
Babel <3.18> and hyphenation patterns for 84 language(s) loaded.
(/usr/local/texlive/2018/texmf-dist/tex/latex/base/article.cls
Document Class: article 2014/09/29 v1.4h Standard LaTeX document class
(/usr/local/texlive/2018/texmf-dist/tex/latex/base/size11.clo
File: size11.clo 2014/09/29 v1.4h Standard LaTeX file (size option)
)
\c@part=\count80
\c@section=\count81
\c@subsection=\count82
\c@subsubsection=\count83
\c@paragraph=\count84
\c@subparagraph=\count85
\c@figure=\count86
\c@table=\count87
\abovecaptionskip=\skip41
\belowcaptionskip=\skip42
\bibindent=\dimen102
)
(/usr/local/texlive/2018/texmf-dist/tex/latex/base/fontenc.sty
Package: fontenc 2017/04/05 v2.0i Standard LaTeX package

(/usr/local/texlive/2018/texmf-dist/tex/latex/base/t1enc.def
File: t1enc.def 2017/04/05 v2.0i Standard LaTeX file
LaTeX Font Info:    Redeclaring font encoding T1 on input line 48.
))
(/usr/local/texlive/2018/texmf-dist/tex/latex/base/inputenc.sty
Package: inputenc 2018/04/06 v1.3b Input encoding file
\inpenc@prehook=\toks14
\inpenc@posthook=\toks15
)
(/usr/local/texlive/2018/texmf-dist/tex/generic/babel/babel.sty
Package: babel 2018/02/14 3.18 The Babel package

(/usr/local/texlive/2018/texmf-dist/tex/generic/babel/switch.def
File: switch.def 2018/02/14 3.18 Babel switching mechanism
)
(/usr/local/texlive/2018/texmf-dist/tex/generic/babel-german/ngerman.ldf
Language: ngerman 2018/03/29 v2.10 German support for babel (post-1996 orthogra
phy)

(/usr/local/texlive/2018/texmf-dist/tex/generic/babel-german/ngermanb.ldf
Language: ngermanb 2018/03/29 v2.10 German support for babel (post-1996 orthogr
aphy)

(/usr/local/texlive/2018/texmf-dist/tex/generic/babel/babel.def
File: babel.def 2018/02/14 3.18 Babel common definitions
\babel@savecnt=\count88
\U@D=\dimen103

(/usr/local/texlive/2018/texmf-dist/tex/generic/babel/txtbabel.def)
\bbl@dirlevel=\count89
)
Package babel Info: Making " an active character on input line 121.
)))
(/usr/local/texlive/2018/texmf-dist/tex/latex/graphics/graphicx.sty
Package: graphicx 2017/06/01 v1.1a Enhanced LaTeX Graphics (DPC,SPQR)

(/usr/local/texlive/2018/texmf-dist/tex/latex/graphics/keyval.sty
Package: keyval 2014/10/28 v1.15 key=value parser (DPC)
\KV@toks@=\toks16
)
(/usr/local/texlive/2018/texmf-dist/tex/latex/graphics/graphics.sty
Package: graphics 2017/06/25 v1.2c Standard LaTeX Graphics (DPC,SPQR)

(/usr/local/texlive/2018/texmf-dist/tex/latex/graphics/trig.sty
Package: trig 2016/01/03 v1.10 sin cos tan (DPC)
)
(/usr/local/texlive/2018/texmf-dist/tex/latex/graphics-cfg/graphics.cfg
File: graphics.cfg 2016/06/04 v1.11 sample graphics configuration
)
Package graphics Info: Driver file: pdftex.def on input line 99.

(/usr/local/texlive/2018/texmf-dist/tex/latex/graphics-def/pdftex.def
File: pdftex.def 2018/01/08 v1.0l Graphics/color driver for pdftex
))
\Gin@req@height=\dimen104
\Gin@req@width=\dimen105
)
(/usr/local/texlive/2018/texmf-dist/tex/latex/ms/ragged2e.sty
Package: ragged2e 2009/05/21 v2.1 ragged2e Package (MS)

(/usr/local/texlive/2018/texmf-dist/tex/latex/ms/everysel.sty
Package: everysel 2011/10/28 v1.2 EverySelectfont Package (MS)
)
\CenteringLeftskip=\skip43
\RaggedLeftLeftskip=\skip44
\RaggedRightLeftskip=\skip45
\CenteringRightskip=\skip46
\RaggedLeftRightskip=\skip47
\RaggedRightRightskip=\skip48
\CenteringParfillskip=\skip49
\RaggedLeftParfillskip=\skip50
\RaggedRightParfillskip=\skip51
\JustifyingParfillskip=\skip52
\CenteringParindent=\skip53
\RaggedLeftParindent=\skip54
\RaggedRightParindent=\skip55
\JustifyingParindent=\skip56
)
(/usr/local/texlive/2018/texmf-dist/tex/latex/caption/caption.sty
Package: caption 2016/02/21 v3.3-144 Customizing captions (AR)

(/usr/local/texlive/2018/texmf-dist/tex/latex/caption/caption3.sty
Package: caption3 2016/05/22 v1.7-166 caption3 kernel (AR)
Package caption3 Info: TeX engine: e-TeX on input line 67.
\captionmargin=\dimen106
\captionmargin@=\dimen107
\captionwidth=\dimen108
\caption@tempdima=\dimen109
\caption@indent=\dimen110
\caption@parindent=\dimen111
\caption@hangindent=\dimen112
)
\c@ContinuedFloat=\count90
)
(/usr/local/texlive/2018/texmf-dist/tex/latex/xcolor/xcolor.sty
Package: xcolor 2016/05/11 v2.12 LaTeX color extensions (UK)

(/usr/local/texlive/2018/texmf-dist/tex/latex/graphics-cfg/color.cfg
File: color.cfg 2016/01/02 v1.6 sample color configuration
)
Package xcolor Info: Driver file: pdftex.def on input line 225.
Package xcolor Info: Model `cmy' substituted by `cmy0' on input line 1348.
Package xcolor Info: Model `hsb' substituted by `rgb' on input line 1352.
Package xcolor Info: Model `RGB' extended on input line 1364.
Package xcolor Info: Model `HTML' substituted by `rgb' on input line 1366.
Package xcolor Info: Model `Hsb' substituted by `hsb' on input line 1367.
Package xcolor Info: Model `tHsb' substituted by `hsb' on input line 1368.
Package xcolor Info: Model `HSB' substituted by `hsb' on input line 1369.
Package xcolor Info: Model `Gray' substituted by `gray' on input line 1370.
Package xcolor Info: Model `wave' substituted by `hsb' on input line 1371.
)
(/usr/local/texlive/2018/texmf-dist/tex/latex/geometry/geometry.sty
Package: geometry 2018/03/24 v5.7 Page Geometry

(/usr/local/texlive/2018/texmf-dist/tex/generic/oberdiek/ifpdf.sty
Package: ifpdf 2017/03/15 v3.2 Provides the ifpdf switch
)
(/usr/local/texlive/2018/texmf-dist/tex/generic/oberdiek/ifvtex.sty
Package: ifvtex 2016/05/16 v1.6 Detect VTeX and its facilities (HO)
Package ifvtex Info: VTeX not detected.
)
(/usr/local/texlive/2018/texmf-dist/tex/generic/ifxetex/ifxetex.sty
Package: ifxetex 2010/09/12 v0.6 Provides ifxetex conditional
)
\Gm@cnth=\count91
\Gm@cntv=\count92
\c@Gm@tempcnt=\count93
\Gm@bindingoffset=\dimen113
\Gm@wd@mp=\dimen114
\Gm@odd@mp=\dimen115
\Gm@even@mp=\dimen116
\Gm@layoutwidth=\dimen117
\Gm@layoutheight=\dimen118
\Gm@layouthoffset=\dimen119
\Gm@layoutvoffset=\dimen120
\Gm@dimlist=\toks17
)
(/usr/local/texlive/2018/texmf-dist/tex/latex/setspace/setspace.sty
Package: setspace 2011/12/19 v6.7a set line spacing
)
(/usr/local/texlive/2018/texmf-dist/tex/latex/fancyhdr/fancyhdr.sty
Package: fancyhdr 2017/06/30 v3.9a Extensive control of page headers and footer
s
\f@nch@headwidth=\skip57
\f@nch@O@elh=\skip58
\f@nch@O@erh=\skip59
\f@nch@O@olh=\skip60
\f@nch@O@orh=\skip61
\f@nch@O@elf=\skip62
\f@nch@O@erf=\skip63
\f@nch@O@olf=\skip64
\f@nch@O@orf=\skip65
)
(/usr/local/texlive/2018/texmf-dist/tex/latex/hyperref/hyperref.sty
Package: hyperref 2018/02/06 v6.86b Hypertext links for LaTeX

(/usr/local/texlive/2018/texmf-dist/tex/generic/oberdiek/hobsub-hyperref.sty
Package: hobsub-hyperref 2016/05/16 v1.14 Bundle oberdiek, subset hyperref (HO)


(/usr/local/texlive/2018/texmf-dist/tex/generic/oberdiek/hobsub-generic.sty
Package: hobsub-generic 2016/05/16 v1.14 Bundle oberdiek, subset generic (HO)
Package: hobsub 2016/05/16 v1.14 Construct package bundles (HO)
Package: infwarerr 2016/05/16 v1.4 Providing info/warning/error messages (HO)
Package: ltxcmds 2016/05/16 v1.23 LaTeX kernel commands for general use (HO)
Package: ifluatex 2016/05/16 v1.4 Provides the ifluatex switch (HO)
Package ifluatex Info: LuaTeX not detected.
Package hobsub Info: Skipping package `ifvtex' (already loaded).
Package: intcalc 2016/05/16 v1.2 Expandable calculations with integers (HO)
Package hobsub Info: Skipping package `ifpdf' (already loaded).
Package: etexcmds 2016/05/16 v1.6 Avoid name clashes with e-TeX commands (HO)
Package etexcmds Info: Could not find \expanded.
(etexcmds)             That can mean that you are not using pdfTeX 1.50 or
(etexcmds)             that some package has redefined \expanded.
(etexcmds)             In the latter case, load this package earlier.
Package: kvsetkeys 2016/05/16 v1.17 Key value parser (HO)
Package: kvdefinekeys 2016/05/16 v1.4 Define keys (HO)
Package: pdftexcmds 2018/01/30 v0.27 Utility functions of pdfTeX for LuaTeX (HO
)
Package pdftexcmds Info: LuaTeX not detected.
Package pdftexcmds Info: \pdf@primitive is available.
Package pdftexcmds Info: \pdf@ifprimitive is available.
Package pdftexcmds Info: \pdfdraftmode found.
Package: pdfescape 2016/05/16 v1.14 Implements pdfTeX's escape features (HO)
Package: bigintcalc 2016/05/16 v1.4 Expandable calculations on big integers (HO
)
Package: bitset 2016/05/16 v1.2 Handle bit-vector datatype (HO)
Package: uniquecounter 2016/05/16 v1.3 Provide unlimited unique counter (HO)
)
Package hobsub Info: Skipping package `hobsub' (already loaded).
Package: letltxmacro 2016/05/16 v1.5 Let assignment for LaTeX macros (HO)
Package: hopatch 2016/05/16 v1.3 Wrapper for package hooks (HO)
Package: xcolor-patch 2016/05/16 xcolor patch
Package: atveryend 2016/05/16 v1.9 Hooks at the very end of document (HO)
Package atveryend Info: \enddocument detected (standard20110627).
Package: atbegshi 2016/06/09 v1.18 At begin shipout hook (HO)
Package: refcount 2016/05/16 v3.5 Data extraction from label references (HO)
Package: hycolor 2016/05/16 v1.8 Color options for hyperref/bookmark (HO)
)
(/usr/local/texlive/2018/texmf-dist/tex/latex/oberdiek/auxhook.sty
Package: auxhook 2016/05/16 v1.4 Hooks for auxiliary files (HO)
)
(/usr/local/texlive/2018/texmf-dist/tex/latex/oberdiek/kvoptions.sty
Package: kvoptions 2016/05/16 v3.12 Key value format for package options (HO)
)
\@linkdim=\dimen121
\Hy@linkcounter=\count94
\Hy@pagecounter=\count95

(/usr/local/texlive/2018/texmf-dist/tex/latex/hyperref/pd1enc.def
File: pd1enc.def 2018/02/06 v6.86b Hyperref: PDFDocEncoding definition (HO)
Now handling font encoding PD1 ...
... no UTF-8 mapping file for font encoding PD1
)
\Hy@SavedSpaceFactor=\count96

(/usr/local/texlive/2018/texmf-dist/tex/latex/latexconfig/hyperref.cfg
File: hyperref.cfg 2002/06/06 v1.2 hyperref configuration of TeXLive
)
Package hyperref Info: Option `colorlinks' set `true' on input line 4383.
Package hyperref Info: Option `pdfpagelabels' set `true' on input line 4383.
Package hyperref Info: Option `bookmarksopen' set `true' on input line 4383.
Package hyperref Info: Option `bookmarksnumbered' set `true' on input line 4383
.
Package hyperref Info: Option `plainpages' set `false' on input line 4383.
Package hyperref Info: Option `hypertexnames' set `false' on input line 4383.
Package hyperref Info: Hyper figures OFF on input line 4509.
Package hyperref Info: Link nesting OFF on input line 4514.
Package hyperref Info: Hyper index ON on input line 4517.
Package hyperref Info: Plain pages OFF on input line 4524.
Package hyperref Info: Backreferencing OFF on input line 4529.
Package hyperref Info: Implicit mode ON; LaTeX internals redefined.
Package hyperref Info: Bookmarks ON on input line 4762.
\c@Hy@tempcnt=\count97

(/usr/local/texlive/2018/texmf-dist/tex/latex/url/url.sty
\Urlmuskip=\muskip10
Package: url 2013/09/16  ver 3.4  Verb mode for urls, etc.
)
LaTeX Info: Redefining \url on input line 5115.
\XeTeXLinkMargin=\dimen122
\Fld@menulength=\count98
\Field@Width=\dimen123
\Fld@charsize=\dimen124
Package hyperref Info: Hyper figures OFF on input line 6369.
Package hyperref Info: Link nesting OFF on input line 6374.
Package hyperref Info: Hyper index ON on input line 6377.
Package hyperref Info: backreferencing OFF on input line 6384.
Package hyperref Info: Link coloring ON on input line 6387.
Package hyperref Info: Link coloring with OCG OFF on input line 6394.
Package hyperref Info: PDF/A mode OFF on input line 6399.
LaTeX Info: Redefining \ref on input line 6439.
LaTeX Info: Redefining \pageref on input line 6443.
\Hy@abspage=\count99
\c@Item=\count100
\c@Hfootnote=\count101
)
Package hyperref Info: Driver (autodetected): hpdftex.

(/usr/local/texlive/2018/texmf-dist/tex/latex/hyperref/hpdftex.def
File: hpdftex.def 2018/02/06 v6.86b Hyperref driver for pdfTeX
\Fld@listcount=\count102
\c@bookmark@seq@number=\count103

(/usr/local/texlive/2018/texmf-dist/tex/latex/oberdiek/rerunfilecheck.sty
Package: rerunfilecheck 2016/05/16 v1.8 Rerun checks for auxiliary files (HO)
Package uniquecounter Info: New unique counter `rerunfilecheck' on input line 2
82.
)
\Hy@SectionHShift=\skip66
)
(/usr/local/texlive/2018/texmf-dist/tex/latex/booktabs/booktabs.sty
Package: booktabs 2016/04/27 v1.618033 publication quality tables
\heavyrulewidth=\dimen125
\lightrulewidth=\dimen126
\cmidrulewidth=\dimen127
\belowrulesep=\dimen128
\belowbottomsep=\dimen129
\aboverulesep=\dimen130
\abovetopsep=\dimen131
\cmidrulesep=\dimen132
\cmidrulekern=\dimen133
\defaultaddspace=\dimen134
\@cmidla=\count104
\@cmidlb=\count105
\@aboverulesep=\dimen135
\@belowrulesep=\dimen136
\@thisruleclass=\count106
\@lastruleclass=\count107
\@thisrulewidth=\dimen137
)
(/usr/local/texlive/2018/texmf-dist/tex/latex/eurosym/eurosym.sty
Package: eurosym 1998/08/06 v1.1 European currency symbol ``Euro''
\@eurobox=\box26
)
(/usr/local/texlive/2018/texmf-dist/tex/latex/float/float.sty
Package: float 2001/11/08 v1.3d Float enhancements (AL)
\c@float@type=\count108
\float@exts=\toks18
\float@box=\box27
\@float@everytoks=\toks19
\@floatcapt=\box28
)
(./Hassini_DokumentationBAWS1920.aux)
\openout1 = `Hassini_DokumentationBAWS1920.aux'.

LaTeX Font Info:    Checking defaults for OML/cmm/m/it on input line 36.
LaTeX Font Info:    ... okay on input line 36.
LaTeX Font Info:    Checking defaults for T1/cmr/m/n on input line 36.
LaTeX Font Info:    ... okay on input line 36.
LaTeX Font Info:    Checking defaults for OT1/cmr/m/n on input line 36.
LaTeX Font Info:    ... okay on input line 36.
LaTeX Font Info:    Checking defaults for OMS/cmsy/m/n on input line 36.
LaTeX Font Info:    ... okay on input line 36.
LaTeX Font Info:    Checking defaults for OMX/cmex/m/n on input line 36.
LaTeX Font Info:    ... okay on input line 36.
LaTeX Font Info:    Checking defaults for U/cmr/m/n on input line 36.
LaTeX Font Info:    ... okay on input line 36.
LaTeX Font Info:    Checking defaults for PD1/pdf/m/n on input line 36.
LaTeX Font Info:    ... okay on input line 36.

(/usr/local/texlive/2018/texmf-dist/tex/context/base/mkii/supp-pdf.mkii
[Loading MPS to PDF converter (version 2006.09.02).]
\scratchcounter=\count109
\scratchdimen=\dimen138
\scratchbox=\box29
\nofMPsegments=\count110
\nofMParguments=\count111
\everyMPshowfont=\toks20
\MPscratchCnt=\count112
\MPscratchDim=\dimen139
\MPnumerator=\count113
\makeMPintoPDFobject=\count114
\everyMPtoPDFconversion=\toks21
) (/usr/local/texlive/2018/texmf-dist/tex/latex/oberdiek/epstopdf-base.sty
Package: epstopdf-base 2016/05/15 v2.6 Base part for package epstopdf

(/usr/local/texlive/2018/texmf-dist/tex/latex/oberdiek/grfext.sty
Package: grfext 2016/05/16 v1.2 Manage graphics extensions (HO)
)
Package epstopdf-base Info: Redefining graphics rule for `.eps' on input line 4
38.
Package grfext Info: Graphics extension search list:
(grfext)             [.pdf,.png,.jpg,.mps,.jpeg,.jbig2,.jb2,.PDF,.PNG,.JPG,.JPE
G,.JBIG2,.JB2,.eps]
(grfext)             \AppendGraphicsExtensions on input line 456.

(/usr/local/texlive/2018/texmf-dist/tex/latex/latexconfig/epstopdf-sys.cfg
File: epstopdf-sys.cfg 2010/07/13 v1.3 Configuration of (r)epstopdf for TeX Liv
e
))
ABD: EverySelectfont initializing macros
LaTeX Info: Redefining \selectfont on input line 36.
Package caption Info: Begin \AtBeginDocument code.
Package caption Info: float package is loaded.
Package caption Info: hyperref package is loaded.
Package caption Info: End \AtBeginDocument code.

*geometry* driver: auto-detecting
*geometry* detected driver: pdftex
*geometry* verbose mode - [ preamble ] result:
* driver: pdftex
* paper: a4paper
* layout: <same size as paper>
* layoutoffset:(h,v)=(0.0pt,0.0pt)
* modes: 
* h-part:(L,W,R)=(99.58464pt, 426.79135pt, 71.13188pt)
* v-part:(T,H,B)=(68.28644pt, 719.8549pt, 56.9055pt)
* \paperwidth=597.50787pt
* \paperheight=845.04684pt
* \textwidth=426.79135pt
* \textheight=719.8549pt
* \oddsidemargin=27.31465pt
* \evensidemargin=27.31465pt
* \topmargin=-40.98355pt
* \headheight=12.0pt
* \headsep=25.0pt
* \topskip=11.0pt
* \footskip=30.0pt
* \marginparwidth=50.0pt
* \marginparsep=10.0pt
* \columnsep=10.0pt
* \skip\footins=10.0pt plus 4.0pt minus 2.0pt
* \hoffset=0.0pt
* \voffset=0.0pt
* \mag=1000
* \@twocolumnfalse
* \@twosidefalse
* \@mparswitchfalse
* \@reversemarginfalse
* (1in=72.27pt=25.4mm, 1cm=28.453pt)

\AtBeginShipoutBox=\box30
Package hyperref Info: Link coloring ON on input line 36.
(/usr/local/texlive/2018/texmf-dist/tex/latex/hyperref/nameref.sty
Package: nameref 2016/05/21 v2.44 Cross-referencing by name of section

(/usr/local/texlive/2018/texmf-dist/tex/generic/oberdiek/gettitlestring.sty
Package: gettitlestring 2016/05/16 v1.5 Cleanup title references (HO)
)
\c@section@level=\count115
)
LaTeX Info: Redefining \ref on input line 36.
LaTeX Info: Redefining \pageref on input line 36.
LaTeX Info: Redefining \nameref on input line 36.

(./Hassini_DokumentationBAWS1920.out) (./Hassini_DokumentationBAWS1920.out)
\@outlinefile=\write3
\openout3 = `Hassini_DokumentationBAWS1920.out'.

<images/TH.PNG, id=249, 451.6875pt x 18.0675pt>
File: images/TH.PNG Graphic file (type png)
<use images/TH.PNG>
Package pdftex.def Info: images/TH.PNG  used on input line 40.
(pdftex.def)             Requested size: 451.68639pt x 18.06744pt.

Overfull \hbox (24.89503pt too wide) in paragraph at lines 40--40
[]  
 []

LaTeX Font Info:    External font `cmex10' loaded for size
(Font)              <10.95> on input line 61.
LaTeX Font Info:    External font `cmex10' loaded for size
(Font)              <8> on input line 61.
LaTeX Font Info:    External font `cmex10' loaded for size
(Font)              <6> on input line 61.
Package babel Info: Redefining ngerman shorthand "|
(babel)             in language  on input line 74.
Package babel Info: Redefining ngerman shorthand "~
(babel)             in language  on input line 74.
[1

{/usr/local/texlive/2018/texmf-var/fonts/map/pdftex/updmap/pdftex.map} <./image
s/TH.PNG>]
Package babel Info: Redefining ngerman shorthand "|
(babel)             in language  on input line 79.
Package babel Info: Redefining ngerman shorthand "~
(babel)             in language  on input line 79.
Package babel Info: Redefining ngerman shorthand "|
(babel)             in language  on input line 85.
Package babel Info: Redefining ngerman shorthand "~
(babel)             in language  on input line 85.
 [1] (./Hassini_DokumentationBAWS1920.toc
Package babel Info: Redefining ngerman shorthand "|
(babel)             in language  on input line 35.
Package babel Info: Redefining ngerman shorthand "~
(babel)             in language  on input line 35.
 [2])
\tf@toc=\write4
\openout4 = `Hassini_DokumentationBAWS1920.toc'.

Package babel Info: Redefining ngerman shorthand "|
(babel)             in language  on input line 88.
Package babel Info: Redefining ngerman shorthand "~
(babel)             in language  on input line 88.
 [3]
(./Hassini_DokumentationBAWS1920.lot)
\tf@lot=\write5
\openout5 = `Hassini_DokumentationBAWS1920.lot'.

Package babel Info: Redefining ngerman shorthand "|
(babel)             in language  on input line 90.
Package babel Info: Redefining ngerman shorthand "~
(babel)             in language  on input line 90.
Package babel Info: Redefining ngerman shorthand "|
(babel)             in language  on input line 91.
Package babel Info: Redefining ngerman shorthand "~
(babel)             in language  on input line 91.
 [4] (./Hassini_DokumentationBAWS1920.lof)
\tf@lof=\write6
\openout6 = `Hassini_DokumentationBAWS1920.lof'.

Package babel Info: Redefining ngerman shorthand "|
(babel)             in language  on input line 93.
Package babel Info: Redefining ngerman shorthand "~
(babel)             in language  on input line 93.
Package babel Info: Redefining ngerman shorthand "|
(babel)             in language  on input line 94.
Package babel Info: Redefining ngerman shorthand "~
(babel)             in language  on input line 94.
[5]
Package babel Info: Redefining ngerman shorthand "|
(babel)             in language  on input line 97.
Package babel Info: Redefining ngerman shorthand "~
(babel)             in language  on input line 97.
Package babel Info: Redefining ngerman shorthand "|
(babel)             in language  on input line 129.
Package babel Info: Redefining ngerman shorthand "~
(babel)             in language  on input line 129.
 [1]
Package babel Info: Redefining ngerman shorthand "|
(babel)             in language  on input line 131.
Package babel Info: Redefining ngerman shorthand "~
(babel)             in language  on input line 131.
Package babel Info: Redefining ngerman shorthand "|
(babel)             in language  on input line 133.
Package babel Info: Redefining ngerman shorthand "~
(babel)             in language  on input line 133.
 [2]
Package babel Info: Redefining ngerman shorthand "|
(babel)             in language  on input line 134.
Package babel Info: Redefining ngerman shorthand "~
(babel)             in language  on input line 134.
Package babel Info: Redefining ngerman shorthand "|
(babel)             in language  on input line 137.
Package babel Info: Redefining ngerman shorthand "~
(babel)             in language  on input line 137.
LaTeX Font Info:    Try loading font information for OMS+cmr on input line 139.

 (/usr/local/texlive/2018/texmf-dist/tex/latex/base/omscmr.fd
File: omscmr.fd 2014/09/29 v2.5h Standard LaTeX font definitions
)
LaTeX Font Info:    Font shape `OMS/cmr/m/n' in size <10.95> not available
(Font)              Font shape `OMS/cmsy/m/n' tried instead on input line 139.

Underfull \hbox (badness 10000) in paragraph at lines 139--141

 []


Underfull \hbox (badness 10000) in paragraph at lines 141--143

 []


Underfull \hbox (badness 10000) in paragraph at lines 143--145

 []

Package babel Info: Redefining ngerman shorthand "|
(babel)             in language  on input line 148.
Package babel Info: Redefining ngerman shorthand "~
(babel)             in language  on input line 148.

Underfull \hbox (badness 10000) in paragraph at lines 150--153

 []


Underfull \hbox (badness 10000) in paragraph at lines 153--156

 []

Package babel Info: Redefining ngerman shorthand "|
(babel)             in language  on input line 156.
Package babel Info: Redefining ngerman shorthand "~
(babel)             in language  on input line 156.
[3]
Underfull \hbox (badness 10000) in paragraph at lines 156--159

 []


Underfull \hbox (badness 10000) in paragraph at lines 159--162

 []


Underfull \hbox (badness 10000) in paragraph at lines 162--165

 []

Package babel Info: Redefining ngerman shorthand "|
(babel)             in language  on input line 168.
Package babel Info: Redefining ngerman shorthand "~
(babel)             in language  on input line 168.

Underfull \hbox (badness 10000) in paragraph at lines 170--173

 []


Underfull \hbox (badness 10000) in paragraph at lines 173--176

 []

Package babel Info: Redefining ngerman shorthand "|
(babel)             in language  on input line 176.
Package babel Info: Redefining ngerman shorthand "~
(babel)             in language  on input line 176.
[4]
Underfull \hbox (badness 10000) in paragraph at lines 176--179

 []


Underfull \hbox (badness 10000) in paragraph at lines 179--182

 []


Underfull \hbox (badness 10000) in paragraph at lines 182--185

 []


Underfull \hbox (badness 10000) in paragraph at lines 185--188

 []

Package babel Info: Redefining ngerman shorthand "|
(babel)             in language  on input line 188.
Package babel Info: Redefining ngerman shorthand "~
(babel)             in language  on input line 188.
[5]
Underfull \hbox (badness 10000) in paragraph at lines 188--191

 []

Package babel Info: Redefining ngerman shorthand "|
(babel)             in language  on input line 193.
Package babel Info: Redefining ngerman shorthand "~
(babel)             in language  on input line 193.
[6]
Package babel Info: Redefining ngerman shorthand "|
(babel)             in language  on input line 195.
Package babel Info: Redefining ngerman shorthand "~
(babel)             in language  on input line 195.
Package babel Info: Redefining ngerman shorthand "|
(babel)             in language  on input line 200.
Package babel Info: Redefining ngerman shorthand "~
(babel)             in language  on input line 200.
Package babel Info: Redefining ngerman shorthand "|
(babel)             in language  on input line 231.
Package babel Info: Redefining ngerman shorthand "~
(babel)             in language  on input line 231.
 [7]
Package babel Info: Redefining ngerman shorthand "|
(babel)             in language  on input line 244.
Package babel Info: Redefining ngerman shorthand "~
(babel)             in language  on input line 244.
 [8]
Package babel Info: Redefining ngerman shorthand "|
(babel)             in language  on input line 245.
Package babel Info: Redefining ngerman shorthand "~
(babel)             in language  on input line 245.
Package babel Info: Redefining ngerman shorthand "|
(babel)             in language  on input line 254.
Package babel Info: Redefining ngerman shorthand "~
(babel)             in language  on input line 254.
 [9]
Package babel Info: Redefining ngerman shorthand "|
(babel)             in language  on input line 255.
Package babel Info: Redefining ngerman shorthand "~
(babel)             in language  on input line 255.
Package babel Info: Redefining ngerman shorthand "|
(babel)             in language  on input line 264.
Package babel Info: Redefining ngerman shorthand "~
(babel)             in language  on input line 264.
 [10]
Package babel Info: Redefining ngerman shorthand "|
(babel)             in language  on input line 264.
Package babel Info: Redefining ngerman shorthand "~
(babel)             in language  on input line 264.

Overfull \hbox (8.66235pt too wide) in paragraph at lines 265--272
\T1/cmr/m/n/10.95 6-Fettsäuren be-wir-ken ei-ne Sen-kung des Cho-les-te-rin-spi
e-gels im Blut und Omega-3-Fettsäuren
 []

Package babel Info: Redefining ngerman shorthand "|
(babel)             in language  on input line 272.
Package babel Info: Redefining ngerman shorthand "~
(babel)             in language  on input line 272.
[11]
Package babel Info: Redefining ngerman shorthand "|
(babel)             in language  on input line 272.
Package babel Info: Redefining ngerman shorthand "~
(babel)             in language  on input line 272.
 [12]
Package babel Info: Redefining ngerman shorthand "|
(babel)             in language  on input line 273.
Package babel Info: Redefining ngerman shorthand "~
(babel)             in language  on input line 273.
Package babel Info: Redefining ngerman shorthand "|
(babel)             in language  on input line 286.
Package babel Info: Redefining ngerman shorthand "~
(babel)             in language  on input line 286.
 [13]
Package babel Info: Redefining ngerman shorthand "|
(babel)             in language  on input line 286.
Package babel Info: Redefining ngerman shorthand "~
(babel)             in language  on input line 286.
 [14]
Package babel Info: Redefining ngerman shorthand "|
(babel)             in language  on input line 289.
Package babel Info: Redefining ngerman shorthand "~
(babel)             in language  on input line 289.
Package babel Info: Redefining ngerman shorthand "|
(babel)             in language  on input line 296.
Package babel Info: Redefining ngerman shorthand "~
(babel)             in language  on input line 296.
 [15]
Package babel Info: Redefining ngerman shorthand "|
(babel)             in language  on input line 296.
Package babel Info: Redefining ngerman shorthand "~
(babel)             in language  on input line 296.
 [16]
Package babel Info: Redefining ngerman shorthand "|
(babel)             in language  on input line 297.
Package babel Info: Redefining ngerman shorthand "~
(babel)             in language  on input line 297.
Package babel Info: Redefining ngerman shorthand "|
(babel)             in language  on input line 299.
Package babel Info: Redefining ngerman shorthand "~
(babel)             in language  on input line 299.

Underfull \hbox (badness 10000) in paragraph at lines 310--310
[]\T1/cmr/m/n/10.95 Tages-, Wochen- und Monats-
 []

Package babel Info: Redefining ngerman shorthand "|
(babel)             in language  on input line 325.
Package babel Info: Redefining ngerman shorthand "~
(babel)             in language  on input line 325.
[17]
Package babel Info: Redefining ngerman shorthand "|
(babel)             in language  on input line 326.
Package babel Info: Redefining ngerman shorthand "~
(babel)             in language  on input line 326.

Underfull \hbox (badness 10000) in paragraph at lines 339--339
[]\T1/cmr/m/n/10.95 Statisitken zu Blut-zucker-wer-ten,
 []

Package babel Info: Redefining ngerman shorthand "|
(babel)             in language  on input line 348.
Package babel Info: Redefining ngerman shorthand "~
(babel)             in language  on input line 348.
[18]
Package babel Info: Redefining ngerman shorthand "|
(babel)             in language  on input line 349.
Package babel Info: Redefining ngerman shorthand "~
(babel)             in language  on input line 349.
LaTeX Font Info:    Font shape `OMS/cmr/m/it' in size <10.95> not available
(Font)              Font shape `OMS/cmsy/m/n' tried instead on input line 350.

Underfull \hbox (badness 10000) in paragraph at lines 358--358
[]\T1/cmr/m/n/10.95 kontinuierliche Blut-zucker-mes-
 []


Underfull \hbox (badness 7558) in paragraph at lines 358--358
\T1/cmr/m/n/10.95 sung/keine ma-nu-el-le Blut-zucker-
 []


Underfull \hbox (badness 5711) in paragraph at lines 360--360
[]\T1/cmr/m/n/10.95 Statistiken auf be-nut-zer-be-zo-ge-ne
 []


Underfull \hbox (badness 4595) in paragraph at lines 364--365
[]\T1/cmr/m/n/10.95 keine um-fang-rei-che An-ga-be von
 []

Package babel Info: Redefining ngerman shorthand "|
(babel)             in language  on input line 376.
Package babel Info: Redefining ngerman shorthand "~
(babel)             in language  on input line 376.
[19]
Package babel Info: Redefining ngerman shorthand "|
(babel)             in language  on input line 378.
Package babel Info: Redefining ngerman shorthand "~
(babel)             in language  on input line 378.

Underfull \hbox (badness 5711) in paragraph at lines 389--389
[]\T1/cmr/m/n/10.95 Statistiken auf be-nut-zer-be-zo-ge-ne
 []


Underfull \hbox (badness 4595) in paragraph at lines 393--394
[]\T1/cmr/m/n/10.95 keine um-fang-rei-che An-ga-be von
 []

Package babel Info: Redefining ngerman shorthand "|
(babel)             in language  on input line 402.
Package babel Info: Redefining ngerman shorthand "~
(babel)             in language  on input line 402.
[20]
Package babel Info: Redefining ngerman shorthand "|
(babel)             in language  on input line 403.
Package babel Info: Redefining ngerman shorthand "~
(babel)             in language  on input line 403.

Underfull \hbox (badness 10000) in paragraph at lines 412--412
[]\T1/cmr/m/n/10.95 Hinzufügen von Le-bens-mit-teln
 []


Underfull \hbox (badness 1237) in paragraph at lines 418--418
[]\T1/cmr/m/n/10.95 Lebensmitteldatenbank mit Nähr-
 []

Package babel Info: Redefining ngerman shorthand "|
(babel)             in language  on input line 426.
Package babel Info: Redefining ngerman shorthand "~
(babel)             in language  on input line 426.
[21]
Package babel Info: Redefining ngerman shorthand "|
(babel)             in language  on input line 428.
Package babel Info: Redefining ngerman shorthand "~
(babel)             in language  on input line 428.
Package babel Info: Redefining ngerman shorthand "|
(babel)             in language  on input line 432.
Package babel Info: Redefining ngerman shorthand "~
(babel)             in language  on input line 432.
 [22]
Package babel Info: Redefining ngerman shorthand "|
(babel)             in language  on input line 432.
Package babel Info: Redefining ngerman shorthand "~
(babel)             in language  on input line 432.
 [23]
Package babel Info: Redefining ngerman shorthand "|
(babel)             in language  on input line 434.
Package babel Info: Redefining ngerman shorthand "~
(babel)             in language  on input line 434.
Package babel Info: Redefining ngerman shorthand "|
(babel)             in language  on input line 446.
Package babel Info: Redefining ngerman shorthand "~
(babel)             in language  on input line 446.
 [24]
Package babel Info: Redefining ngerman shorthand "|
(babel)             in language  on input line 448.
Package babel Info: Redefining ngerman shorthand "~
(babel)             in language  on input line 448.
<images/deskriKommDiagramm.png, id=499, 481.8pt x 372.4314pt>
File: images/deskriKommDiagramm.png Graphic file (type png)
<use images/deskriKommDiagramm.png>
Package pdftex.def Info: images/deskriKommDiagramm.png  used on input line 454.

(pdftex.def)             Requested size: 426.79135pt x 329.91716pt.

Overfull \hbox (4.0pt too wide) in paragraph at lines 454--456
 [][] 
 []


Underfull \hbox (badness 10000) in paragraph at lines 449--458

 []

<images/praskriKommDiagramm.png, id=500, 481.8pt x 372.4314pt>
File: images/praskriKommDiagramm.png Graphic file (type png)
<use images/praskriKommDiagramm.png>
Package pdftex.def Info: images/praskriKommDiagramm.png  used on input line 463
.
(pdftex.def)             Requested size: 426.79135pt x 329.91716pt.

Overfull \hbox (4.0pt too wide) in paragraph at lines 463--465
 [][] 
 []

Package babel Info: Redefining ngerman shorthand "|
(babel)             in language  on input line 468.
Package babel Info: Redefining ngerman shorthand "~
(babel)             in language  on input line 468.
[25 <./images/deskriKommDiagramm.png (PNG copy)>]
Package babel Info: Redefining ngerman shorthand "|
(babel)             in language  on input line 470.
Package babel Info: Redefining ngerman shorthand "~
(babel)             in language  on input line 470.
 [26 <./images/praskriKommDiagramm.png>]
Package babel Info: Redefining ngerman shorthand "|
(babel)             in language  on input line 472.
Package babel Info: Redefining ngerman shorthand "~
(babel)             in language  on input line 472.
Package babel Info: Redefining ngerman shorthand "|
(babel)             in language  on input line 474.
Package babel Info: Redefining ngerman shorthand "~
(babel)             in language  on input line 474.
Package babel Info: Redefining ngerman shorthand "|
(babel)             in language  on input line 476.
Package babel Info: Redefining ngerman shorthand "~
(babel)             in language  on input line 476.
Package babel Info: Redefining ngerman shorthand "|
(babel)             in language  on input line 478.
Package babel Info: Redefining ngerman shorthand "~
(babel)             in language  on input line 478.
 [27]
Package babel Info: Redefining ngerman shorthand "|
(babel)             in language  on input line 480.
Package babel Info: Redefining ngerman shorthand "~
(babel)             in language  on input line 480.
Package babel Info: Redefining ngerman shorthand "|
(babel)             in language  on input line 482.
Package babel Info: Redefining ngerman shorthand "~
(babel)             in language  on input line 482.
 [28]
Package babel Info: Redefining ngerman shorthand "|
(babel)             in language  on input line 484.
Package babel Info: Redefining ngerman shorthand "~
(babel)             in language  on input line 484.
Package babel Info: Redefining ngerman shorthand "|
(babel)             in language  on input line 486.
Package babel Info: Redefining ngerman shorthand "~
(babel)             in language  on input line 486.
 [29]
Package babel Info: Redefining ngerman shorthand "|
(babel)             in language  on input line 487.
Package babel Info: Redefining ngerman shorthand "~
(babel)             in language  on input line 487.
Package babel Info: Redefining ngerman shorthand "|
(babel)             in language  on input line 489.
Package babel Info: Redefining ngerman shorthand "~
(babel)             in language  on input line 489.
Package babel Info: Redefining ngerman shorthand "|
(babel)             in language  on input line 491.
Package babel Info: Redefining ngerman shorthand "~
(babel)             in language  on input line 491.

Underfull \hbox (badness 10000) in paragraph at lines 497--497
[]\T1/cmr/bx/n/10.95 Bezug zum
 []


Overfull \hbox (6.41269pt too wide) in paragraph at lines 497--497
[]\T1/cmr/bx/n/10.95 Objektbereich| 
 []


Underfull \hbox (badness 10000) in paragraph at lines 501--501
[]\T1/cmr/m/n/10.95 Merkmal:
 []


Underfull \hbox (badness 10000) in paragraph at lines 501--501
\T1/cmr/m/n/10.95 Insulin-/BE-
 []


Underfull \hbox (badness 1221) in paragraph at lines 501--502
[]\T1/cmr/m/n/10.95 Korrekte Be-rech-nung des
 []


Underfull \hbox (badness 2343) in paragraph at lines 508--509
[]\T1/cmr/m/n/10.95 körperlich an-
 []


Overfull \hbox (10.6417pt too wide) in paragraph at lines 495--512
 [][] 
 []


Underfull \hbox (badness 10000) in paragraph at lines 515--517

 []

Package babel Info: Redefining ngerman shorthand "|
(babel)             in language  on input line 518.
Package babel Info: Redefining ngerman shorthand "~
(babel)             in language  on input line 518.
[30]
Package babel Info: Redefining ngerman shorthand "|
(babel)             in language  on input line 520.
Package babel Info: Redefining ngerman shorthand "~
(babel)             in language  on input line 520.
Package babel Info: Redefining ngerman shorthand "|
(babel)             in language  on input line 522.
Package babel Info: Redefining ngerman shorthand "~
(babel)             in language  on input line 522.
Package babel Info: Redefining ngerman shorthand "|
(babel)             in language  on input line 524.
Package babel Info: Redefining ngerman shorthand "~
(babel)             in language  on input line 524.
Package babel Info: Redefining ngerman shorthand "|
(babel)             in language  on input line 526.
Package babel Info: Redefining ngerman shorthand "~
(babel)             in language  on input line 526.
Package babel Info: Redefining ngerman shorthand "|
(babel)             in language  on input line 528.
Package babel Info: Redefining ngerman shorthand "~
(babel)             in language  on input line 528.
Package babel Info: Redefining ngerman shorthand "|
(babel)             in language  on input line 530.
Package babel Info: Redefining ngerman shorthand "~
(babel)             in language  on input line 530.
 [31]
Package babel Info: Redefining ngerman shorthand "|
(babel)             in language  on input line 532.
Package babel Info: Redefining ngerman shorthand "~
(babel)             in language  on input line 532.
Package babel Info: Redefining ngerman shorthand "|
(babel)             in language  on input line 534.
Package babel Info: Redefining ngerman shorthand "~
(babel)             in language  on input line 534.
Package babel Info: Redefining ngerman shorthand "|
(babel)             in language  on input line 536.
Package babel Info: Redefining ngerman shorthand "~
(babel)             in language  on input line 536.
Package babel Info: Redefining ngerman shorthand "|
(babel)             in language  on input line 538.
Package babel Info: Redefining ngerman shorthand "~
(babel)             in language  on input line 538.
Package babel Info: Redefining ngerman shorthand "|
(babel)             in language  on input line 540.
Package babel Info: Redefining ngerman shorthand "~
(babel)             in language  on input line 540.
Package babel Info: Redefining ngerman shorthand "|
(babel)             in language  on input line 542.
Package babel Info: Redefining ngerman shorthand "~
(babel)             in language  on input line 542.
Package babel Info: Redefining ngerman shorthand "|
(babel)             in language  on input line 544.
Package babel Info: Redefining ngerman shorthand "~
(babel)             in language  on input line 544.
 [32]
Package babel Info: Redefining ngerman shorthand "|
(babel)             in language  on input line 546.
Package babel Info: Redefining ngerman shorthand "~
(babel)             in language  on input line 546.
Package babel Info: Redefining ngerman shorthand "|
(babel)             in language  on input line 548.
Package babel Info: Redefining ngerman shorthand "~
(babel)             in language  on input line 548.
 [33]
Package babel Info: Redefining ngerman shorthand "|
(babel)             in language  on input line 549.
Package babel Info: Redefining ngerman shorthand "~
(babel)             in language  on input line 549.
Package babel Info: Redefining ngerman shorthand "|
(babel)             in language  on input line 551.
Package babel Info: Redefining ngerman shorthand "~
(babel)             in language  on input line 551.
Package babel Info: Redefining ngerman shorthand "|
(babel)             in language  on input line 553.
Package babel Info: Redefining ngerman shorthand "~
(babel)             in language  on input line 553.
Package babel Info: Redefining ngerman shorthand "|
(babel)             in language  on input line 555.
Package babel Info: Redefining ngerman shorthand "~
(babel)             in language  on input line 555.
Package babel Info: Redefining ngerman shorthand "|
(babel)             in language  on input line 557.
Package babel Info: Redefining ngerman shorthand "~
(babel)             in language  on input line 557.
 [34]
Package babel Info: Redefining ngerman shorthand "|
(babel)             in language  on input line 559.
Package babel Info: Redefining ngerman shorthand "~
(babel)             in language  on input line 559.
Package babel Info: Redefining ngerman shorthand "|
(babel)             in language  on input line 561.
Package babel Info: Redefining ngerman shorthand "~
(babel)             in language  on input line 561.
 [35]
Package babel Info: Redefining ngerman shorthand "|
(babel)             in language  on input line 563.
Package babel Info: Redefining ngerman shorthand "~
(babel)             in language  on input line 563.
Package babel Info: Redefining ngerman shorthand "|
(babel)             in language  on input line 565.
Package babel Info: Redefining ngerman shorthand "~
(babel)             in language  on input line 565.
Package babel Info: Redefining ngerman shorthand "|
(babel)             in language  on input line 567.
Package babel Info: Redefining ngerman shorthand "~
(babel)             in language  on input line 567.
Package babel Info: Redefining ngerman shorthand "|
(babel)             in language  on input line 569.
Package babel Info: Redefining ngerman shorthand "~
(babel)             in language  on input line 569.
Package babel Info: Redefining ngerman shorthand "|
(babel)             in language  on input line 571.
Package babel Info: Redefining ngerman shorthand "~
(babel)             in language  on input line 571.
 [36]
Package babel Info: Redefining ngerman shorthand "|
(babel)             in language  on input line 573.
Package babel Info: Redefining ngerman shorthand "~
(babel)             in language  on input line 573.

Underfull \hbox (badness 3579) in paragraph at lines 593--595
[]\T1/cmr/m/n/10.95 Dexcom: Das neue Dex-com G6[] - Real-Time-CGM-System (rt-CG
M). Ent-
 []


Underfull \hbox (badness 7777) in paragraph at lines 593--595
\T1/cmr/m/n/10.95 de-cken Sie die Vor-tei-le des Dex-com G6., letz-ter Auf-ruf:
 01.12.19, von:
 []

Package babel Info: Redefining ngerman shorthand "|
(babel)             in language  on input line 660.
Package babel Info: Redefining ngerman shorthand "~
(babel)             in language  on input line 660.
[37]
Package babel Info: Redefining ngerman shorthand "|
(babel)             in language  on input line 662.
Package babel Info: Redefining ngerman shorthand "~
(babel)             in language  on input line 662.
Package babel Info: Redefining ngerman shorthand "|
(babel)             in language  on input line 664.
Package babel Info: Redefining ngerman shorthand "~
(babel)             in language  on input line 664.
Package babel Info: Redefining ngerman shorthand "|
(babel)             in language  on input line 668.
Package babel Info: Redefining ngerman shorthand "~
(babel)             in language  on input line 668.
Package babel Info: Redefining ngerman shorthand "|
(babel)             in language  on input line 675.
Package babel Info: Redefining ngerman shorthand "~
(babel)             in language  on input line 675.
 [38]
Package babel Info: Redefining ngerman shorthand "|
(babel)             in language  on input line 675.
Package babel Info: Redefining ngerman shorthand "~
(babel)             in language  on input line 675.

Underfull \hbox (badness 10000) in paragraph at lines 678--685

 []


Overfull \hbox (2.64265pt too wide) in paragraph at lines 685--695
\T1/cmr/m/n/10.95 Rund 68% (55 Per-so-nen) ver-wen-den zur Zeit der Be-fra-gung
 ei-ne CGM-Blutzuckermessgerät,
 []

Package babel Info: Redefining ngerman shorthand "|
(babel)             in language  on input line 695.
Package babel Info: Redefining ngerman shorthand "~
(babel)             in language  on input line 695.
[39]
Package babel Info: Redefining ngerman shorthand "|
(babel)             in language  on input line 701.
Package babel Info: Redefining ngerman shorthand "~
(babel)             in language  on input line 701.
 [40]
Package babel Info: Redefining ngerman shorthand "|
(babel)             in language  on input line 705.
Package babel Info: Redefining ngerman shorthand "~
(babel)             in language  on input line 705.
Package babel Info: Redefining ngerman shorthand "|
(babel)             in language  on input line 707.
Package babel Info: Redefining ngerman shorthand "~
(babel)             in language  on input line 707.
 [41]
Package babel Info: Redefining ngerman shorthand "|
(babel)             in language  on input line 707.
Package babel Info: Redefining ngerman shorthand "~
(babel)             in language  on input line 707.
 [42]
Package babel Info: Redefining ngerman shorthand "|
(babel)             in language  on input line 709.
Package babel Info: Redefining ngerman shorthand "~
(babel)             in language  on input line 709.

Overfull \hbox (4.84451pt too wide) in paragraph at lines 710--716
[] |  [] 
 []

Package babel Info: Redefining ngerman shorthand "|
(babel)             in language  on input line 716.
Package babel Info: Redefining ngerman shorthand "~
(babel)             in language  on input line 716.
[43]
Package atveryend Info: Empty hook `BeforeClearDocument' on input line 717.
Package atveryend Info: Empty hook `AfterLastShipout' on input line 717.
 (./Hassini_DokumentationBAWS1920.aux)
Package atveryend Info: Executing hook `AtVeryEndDocument' on input line 717.
Package atveryend Info: Executing hook `AtEndAfterFileList' on input line 717.
Package rerunfilecheck Info: File `Hassini_DokumentationBAWS1920.out' has not c
hanged.
(rerunfilecheck)             Checksum: EF3095492E8D4CCA0FAF874300056114;3921.
Package atveryend Info: Empty hook `AtVeryVeryEnd' on input line 717.
 ) 
Here is how much of TeX's memory you used:
 8350 strings out of 492649
 124260 string characters out of 6129622
 236979 words of memory out of 5000000
 11981 multiletter control sequences out of 15000+600000
 16430 words of font info for 37 fonts, out of 8000000 for 9000
 1141 hyphenation exceptions out of 8191
 36i,12n,43p,2884b,481s stack positions out of 5000i,500n,10000p,200000b,80000s
{/usr/local/texlive/2018/texmf-dist/fonts/enc/dvips/cm-super/cm-super-t1.enc}
</usr/local/texlive/2018/texmf-dist/fonts/type1/public/amsfonts/cm/cmmi10.pfb><
/usr/local/texlive/2018/texmf-dist/fonts/type1/public/amsfonts/cm/cmr10.pfb></u
sr/local/texlive/2018/texmf-dist/fonts/type1/public/amsfonts/cm/cmr8.pfb></usr/
local/texlive/2018/texmf-dist/fonts/type1/public/amsfonts/cm/cmsy10.pfb></usr/l
ocal/texlive/2018/texmf-dist/fonts/type1/public/eurosym/feymr10.pfb></usr/local
/texlive/2018/texmf-dist/fonts/type1/public/cm-super/sfbx1095.pfb></usr/local/t
exlive/2018/texmf-dist/fonts/type1/public/cm-super/sfbx1200.pfb></usr/local/tex
live/2018/texmf-dist/fonts/type1/public/cm-super/sfbx1440.pfb></usr/local/texli
ve/2018/texmf-dist/fonts/type1/public/cm-super/sfbx2074.pfb></usr/local/texlive
/2018/texmf-dist/fonts/type1/public/cm-super/sfrm0800.pfb></usr/local/texlive/2
018/texmf-dist/fonts/type1/public/cm-super/sfrm0900.pfb></usr/local/texlive/201
8/texmf-dist/fonts/type1/public/cm-super/sfrm1000.pfb></usr/local/texlive/2018/
texmf-dist/fonts/type1/public/cm-super/sfrm1095.pfb></usr/local/texlive/2018/te
xmf-dist/fonts/type1/public/cm-super/sfrm1728.pfb></usr/local/texlive/2018/texm
f-dist/fonts/type1/public/cm-super/sfti1095.pfb>
Output written on Hassini_DokumentationBAWS1920.pdf (49 pages, 811892 bytes).
PDF statistics:
 689 PDF objects out of 1000 (max. 8388607)
 611 compressed objects within 7 object streams
 141 named destinations out of 1000 (max. 500000)
 504 words of extra memory for PDF output out of 10000 (max. 10000000)

